INFO [2023-04-27 14:51:54] $x
INFO [2023-04-27 14:51:54] xList
INFO [2023-04-27 14:51:54] 
INFO [2023-04-27 14:51:54] $main
INFO [2023-04-27 14:51:54] title
INFO [2023-04-27 14:51:54] 
INFO [2023-04-27 14:51:54] $main.cex
INFO [2023-04-27 14:51:54] [1] 1.3
INFO [2023-04-27 14:51:54] 
INFO [2023-04-27 14:51:54] $main.fontfamily
INFO [2023-04-27 14:51:54] [1] "sans"
INFO [2023-04-27 14:51:54] 
INFO [2023-04-27 14:51:54] $filename
INFO [2023-04-27 14:51:54] paste0(user, "_", condition1, "_vs_", condition2, "_vennDiagram.png")
INFO [2023-04-27 14:51:54] 
INFO [2023-04-27 14:51:54] $output
INFO [2023-04-27 14:51:54] [1] TRUE
INFO [2023-04-27 14:51:54] 
INFO [2023-04-27 14:51:54] $imagetype
INFO [2023-04-27 14:51:54] [1] "png"
INFO [2023-04-27 14:51:54] 
INFO [2023-04-27 14:51:54] $height
INFO [2023-04-27 14:51:54] [1] 1500
INFO [2023-04-27 14:51:54] 
INFO [2023-04-27 14:51:54] $width
INFO [2023-04-27 14:51:54] [1] 1500
INFO [2023-04-27 14:51:54] 
INFO [2023-04-27 14:51:54] $resolution
INFO [2023-04-27 14:51:54] [1] 300
INFO [2023-04-27 14:51:54] 
INFO [2023-04-27 14:51:54] $compression
INFO [2023-04-27 14:51:54] [1] "lzw"
INFO [2023-04-27 14:51:54] 
INFO [2023-04-27 14:51:54] $lwd
INFO [2023-04-27 14:51:54] [1] 2
INFO [2023-04-27 14:51:54] 
INFO [2023-04-27 14:51:54] $lty
INFO [2023-04-27 14:51:54] [1] "blank"
INFO [2023-04-27 14:51:54] 
INFO [2023-04-27 14:51:54] $fill
INFO [2023-04-27 14:51:54] colour
INFO [2023-04-27 14:51:54] 
INFO [2023-04-27 14:51:54] $cex
INFO [2023-04-27 14:51:54] [1] 1.2
INFO [2023-04-27 14:51:54] 
INFO [2023-04-27 14:51:54] $fontfamily
INFO [2023-04-27 14:51:54] [1] "sans"
INFO [2023-04-27 14:51:54] 
INFO [2023-04-27 14:51:54] $cat.col
INFO [2023-04-27 14:51:54] colour
INFO [2023-04-27 14:51:54] 
INFO [2023-04-27 14:51:54] $cat.cex
INFO [2023-04-27 14:51:54] [1] 1.2
INFO [2023-04-27 14:51:54] 
INFO [2023-04-27 14:51:54] $cat.fontfamily
INFO [2023-04-27 14:51:54] [1] "sans"
INFO [2023-04-27 14:51:54] 
INFO [2023-04-27 14:51:54] $cat.dist
INFO [2023-04-27 14:51:54] rep(0.03, n)
INFO [2023-04-27 14:51:54] 
