INFO [2023-04-27 14:50:33] $x
INFO [2023-04-27 14:50:33] xList
INFO [2023-04-27 14:50:33] 
INFO [2023-04-27 14:50:33] $main
INFO [2023-04-27 14:50:33] title
INFO [2023-04-27 14:50:33] 
INFO [2023-04-27 14:50:33] $main.cex
INFO [2023-04-27 14:50:33] [1] 1.3
INFO [2023-04-27 14:50:33] 
INFO [2023-04-27 14:50:33] $main.fontfamily
INFO [2023-04-27 14:50:33] [1] "sans"
INFO [2023-04-27 14:50:33] 
INFO [2023-04-27 14:50:33] $filename
INFO [2023-04-27 14:50:33] paste0(user, "_", condition1, "_vs_", condition2, "_vennDiagram.png")
INFO [2023-04-27 14:50:33] 
INFO [2023-04-27 14:50:33] $output
INFO [2023-04-27 14:50:33] [1] TRUE
INFO [2023-04-27 14:50:33] 
INFO [2023-04-27 14:50:33] $imagetype
INFO [2023-04-27 14:50:33] [1] "png"
INFO [2023-04-27 14:50:33] 
INFO [2023-04-27 14:50:33] $height
INFO [2023-04-27 14:50:33] [1] 1500
INFO [2023-04-27 14:50:33] 
INFO [2023-04-27 14:50:33] $width
INFO [2023-04-27 14:50:33] [1] 1500
INFO [2023-04-27 14:50:33] 
INFO [2023-04-27 14:50:33] $resolution
INFO [2023-04-27 14:50:33] [1] 300
INFO [2023-04-27 14:50:33] 
INFO [2023-04-27 14:50:33] $compression
INFO [2023-04-27 14:50:33] [1] "lzw"
INFO [2023-04-27 14:50:33] 
INFO [2023-04-27 14:50:33] $lwd
INFO [2023-04-27 14:50:33] [1] 2
INFO [2023-04-27 14:50:33] 
INFO [2023-04-27 14:50:33] $lty
INFO [2023-04-27 14:50:33] [1] "blank"
INFO [2023-04-27 14:50:33] 
INFO [2023-04-27 14:50:33] $fill
INFO [2023-04-27 14:50:33] colour
INFO [2023-04-27 14:50:33] 
INFO [2023-04-27 14:50:33] $cex
INFO [2023-04-27 14:50:33] [1] 1.2
INFO [2023-04-27 14:50:33] 
INFO [2023-04-27 14:50:33] $fontfamily
INFO [2023-04-27 14:50:33] [1] "sans"
INFO [2023-04-27 14:50:33] 
INFO [2023-04-27 14:50:33] $cat.col
INFO [2023-04-27 14:50:33] colour
INFO [2023-04-27 14:50:33] 
INFO [2023-04-27 14:50:33] $cat.cex
INFO [2023-04-27 14:50:33] [1] 1.2
INFO [2023-04-27 14:50:33] 
INFO [2023-04-27 14:50:33] $cat.fontfamily
INFO [2023-04-27 14:50:33] [1] "sans"
INFO [2023-04-27 14:50:33] 
INFO [2023-04-27 14:50:33] $cat.dist
INFO [2023-04-27 14:50:33] rep(0.03, n)
INFO [2023-04-27 14:50:33] 
