INFO [2023-04-24 13:56:21] $x
INFO [2023-04-24 13:56:21] xList
INFO [2023-04-24 13:56:21] 
INFO [2023-04-24 13:56:21] $main
INFO [2023-04-24 13:56:21] title
INFO [2023-04-24 13:56:21] 
INFO [2023-04-24 13:56:21] $main.cex
INFO [2023-04-24 13:56:21] [1] 1.3
INFO [2023-04-24 13:56:21] 
INFO [2023-04-24 13:56:21] $main.fontfamily
INFO [2023-04-24 13:56:21] [1] "sans"
INFO [2023-04-24 13:56:21] 
INFO [2023-04-24 13:56:21] $filename
INFO [2023-04-24 13:56:21] paste0(user, "_", condition1, "_vs_", condition2, "_vennDiagram.png")
INFO [2023-04-24 13:56:21] 
INFO [2023-04-24 13:56:21] $output
INFO [2023-04-24 13:56:21] [1] TRUE
INFO [2023-04-24 13:56:21] 
INFO [2023-04-24 13:56:21] $imagetype
INFO [2023-04-24 13:56:21] [1] "png"
INFO [2023-04-24 13:56:21] 
INFO [2023-04-24 13:56:21] $height
INFO [2023-04-24 13:56:21] [1] 1500
INFO [2023-04-24 13:56:21] 
INFO [2023-04-24 13:56:21] $width
INFO [2023-04-24 13:56:21] [1] 1500
INFO [2023-04-24 13:56:21] 
INFO [2023-04-24 13:56:21] $resolution
INFO [2023-04-24 13:56:21] [1] 300
INFO [2023-04-24 13:56:21] 
INFO [2023-04-24 13:56:21] $compression
INFO [2023-04-24 13:56:21] [1] "lzw"
INFO [2023-04-24 13:56:21] 
INFO [2023-04-24 13:56:21] $lwd
INFO [2023-04-24 13:56:21] [1] 2
INFO [2023-04-24 13:56:21] 
INFO [2023-04-24 13:56:21] $lty
INFO [2023-04-24 13:56:21] [1] "blank"
INFO [2023-04-24 13:56:21] 
INFO [2023-04-24 13:56:21] $fill
INFO [2023-04-24 13:56:21] colour
INFO [2023-04-24 13:56:21] 
INFO [2023-04-24 13:56:21] $cex
INFO [2023-04-24 13:56:21] [1] 1.2
INFO [2023-04-24 13:56:21] 
INFO [2023-04-24 13:56:21] $fontfamily
INFO [2023-04-24 13:56:21] [1] "sans"
INFO [2023-04-24 13:56:21] 
INFO [2023-04-24 13:56:21] $cat.col
INFO [2023-04-24 13:56:21] colour
INFO [2023-04-24 13:56:21] 
INFO [2023-04-24 13:56:21] $cat.cex
INFO [2023-04-24 13:56:21] [1] 1.2
INFO [2023-04-24 13:56:21] 
INFO [2023-04-24 13:56:21] $cat.fontfamily
INFO [2023-04-24 13:56:21] [1] "sans"
INFO [2023-04-24 13:56:21] 
INFO [2023-04-24 13:56:21] $cat.dist
INFO [2023-04-24 13:56:21] rep(0.03, n)
INFO [2023-04-24 13:56:21] 
